Start testing: May 15 00:18 UTC
----------------------------------------------------------
1/44 Testing: test-example
1/44 Test: test-example
Command: "/home/steven/projects/vargalabs-workspace/worktrees/h5cpp/170-fix-include-correctness/build-verify/test-example"
Directory: /home/steven/projects/vargalabs-workspace/worktrees/h5cpp/170-fix-include-correctness/build-verify/test
"test-example" start time: May 15 00:18 UTC
Output:
----------------------------------------------------------
[doctest] doctest version is "2.4.11"
[doctest] run with "--help" for options
===============================================================================
[doctest] test cases: 1 | 1 passed | 0 failed | 0 skipped
[doctest] assertions: 1 | 1 passed | 0 failed |
[doctest] Status: SUCCESS!
<end of output>
Test time =   0.00 sec
----------------------------------------------------------
Test Passed.
"test-example" end time: May 15 00:18 UTC
"test-example" time elapsed: 00:00:00
----------------------------------------------------------

2/44 Testing: test-h5adelete
2/44 Test: test-h5adelete
Command: "/home/steven/projects/vargalabs-workspace/worktrees/h5cpp/170-fix-include-correctness/build-verify/test-h5adelete"
Directory: /home/steven/projects/vargalabs-workspace/worktrees/h5cpp/170-fix-include-correctness/build-verify/test
"test-h5adelete" start time: May 15 00:18 UTC
Output:
----------------------------------------------------------
HDF5-DIAG: Error detected in HDF5 (1.10.9) thread 0:
  #000: H5A.c line 1357 in H5Adelete(): unable to delete attribute
    major: Attribute
    minor: Can't delete message
  #001: H5Oattribute.c line 1553 in H5O__attr_remove(): can't locate attribute
    major: Attribute
    minor: Object not found
HDF5-DIAG: Error detected in HDF5 (1.10.9) thread 0:
  #000: H5A.c line 417 in H5Aopen(): unable to open attribute: 'missing_attr'
    major: Attribute
    minor: Can't open object
  #001: H5Aint.c line 420 in H5A__open(): unable to load attribute info from object header for attribute: 'missing_attr'
    major: Attribute
    minor: Can't open object
  #002: H5Oattribute.c line 497 in H5O__attr_open_by_name(): can't locate attribute: 'missing_attr'
    major: Attribute
    minor: Object not found
[doctest] doctest version is "2.4.11"
[doctest] run with "--help" for options
===============================================================================
[doctest] test cases: 3 | 3 passed | 0 failed | 0 skipped
[doctest] assertions: 4 | 4 passed | 0 failed |
[doctest] Status: SUCCESS!
<end of output>
Test time =   0.00 sec
----------------------------------------------------------
Test Passed.
"test-h5adelete" end time: May 15 00:18 UTC
"test-h5adelete" time elapsed: 00:00:00
----------------------------------------------------------

3/44 Testing: test-h5compat
3/44 Test: test-h5compat
Command: "/home/steven/projects/vargalabs-workspace/worktrees/h5cpp/170-fix-include-correctness/build-verify/test-h5compat"
Directory: /home/steven/projects/vargalabs-workspace/worktrees/h5cpp/170-fix-include-correctness/build-verify/test
"test-h5compat" start time: May 15 00:18 UTC
Output:
----------------------------------------------------------
[doctest] doctest version is "2.4.11"
[doctest] run with "--help" for options
===============================================================================
[doctest] test cases:  7 |  7 passed | 0 failed | 0 skipped
[doctest] assertions: 21 | 21 passed | 0 failed |
[doctest] Status: SUCCESS!
<end of output>
Test time =   0.00 sec
----------------------------------------------------------
Test Passed.
"test-h5compat" end time: May 15 00:18 UTC
"test-h5compat" time elapsed: 00:00:00
----------------------------------------------------------

4/44 Testing: test-h5dgather
4/44 Test: test-h5dgather
Command: "/home/steven/projects/vargalabs-workspace/worktrees/h5cpp/170-fix-include-correctness/build-verify/test-h5dgather"
Directory: /home/steven/projects/vargalabs-workspace/worktrees/h5cpp/170-fix-include-correctness/build-verify/test
"test-h5dgather" start time: May 15 00:18 UTC
Output:
----------------------------------------------------------
[doctest] doctest version is "2.4.11"
[doctest] run with "--help" for options
===============================================================================
[doctest] test cases: 11 | 11 passed | 0 failed | 0 skipped
[doctest] assertions: 23 | 23 passed | 0 failed |
[doctest] Status: SUCCESS!
<end of output>
Test time =   0.00 sec
----------------------------------------------------------
Test Passed.
"test-h5dgather" end time: May 15 00:18 UTC
"test-h5dgather" time elapsed: 00:00:00
----------------------------------------------------------

5/44 Testing: test-h5meta
5/44 Test: test-h5meta
Command: "/home/steven/projects/vargalabs-workspace/worktrees/h5cpp/170-fix-include-correctness/build-verify/test-h5meta"
Directory: /home/steven/projects/vargalabs-workspace/worktrees/h5cpp/170-fix-include-correctness/build-verify/test
"test-h5meta" start time: May 15 00:18 UTC
Output:
----------------------------------------------------------
[doctest] doctest version is "2.4.11"
[doctest] run with "--help" for options
===============================================================================
[doctest] test cases:  23 |  23 passed | 0 failed | 0 skipped
[doctest] assertions: 102 | 102 passed | 0 failed |
[doctest] Status: SUCCESS!
<end of output>
Test time =   0.00 sec
----------------------------------------------------------
Test Passed.
"test-h5meta" end time: May 15 00:18 UTC
"test-h5meta" time elapsed: 00:00:00
----------------------------------------------------------

6/44 Testing: test-h5tmeta
6/44 Test: test-h5tmeta
Command: "/home/steven/projects/vargalabs-workspace/worktrees/h5cpp/170-fix-include-correctness/build-verify/test-h5tmeta"
Directory: /home/steven/projects/vargalabs-workspace/worktrees/h5cpp/170-fix-include-correctness/build-verify/test
"test-h5tmeta" start time: May 15 00:18 UTC
Output:
----------------------------------------------------------
[doctest] doctest version is "2.4.11"
[doctest] run with "--help" for options
===============================================================================
[doctest] test cases:  53 |  53 passed | 0 failed | 0 skipped
[doctest] assertions: 279 | 279 passed | 0 failed |
[doctest] Status: SUCCESS!
<end of output>
Test time =   0.00 sec
----------------------------------------------------------
Test Passed.
"test-h5tmeta" end time: May 15 00:18 UTC
"test-h5tmeta" time elapsed: 00:00:00
----------------------------------------------------------

7/44 Testing: test-h5dio
7/44 Test: test-h5dio
Command: "/home/steven/projects/vargalabs-workspace/worktrees/h5cpp/170-fix-include-correctness/build-verify/test-h5dio"
Directory: /home/steven/projects/vargalabs-workspace/worktrees/h5cpp/170-fix-include-correctness/build-verify/test
"test-h5dio" start time: May 15 00:18 UTC
Output:
----------------------------------------------------------
[doctest] doctest version is "2.4.11"
[doctest] run with "--help" for options
===============================================================================
/home/steven/projects/vargalabs-workspace/worktrees/h5cpp/170-fix-include-correctness/test/H5Dio.cpp:75:
TEST CASE:  [#114] h5 round-trip<unsigned char>

/home/steven/projects/vargalabs-workspace/worktrees/h5cpp/170-fix-include-correctness/test/H5Dio.cpp:23: WARNING: WARN( false ) is NOT correct!
  values: WARN( false )
  logged: scalar round-trip not yet implemented (needs #89): unsigned char

===============================================================================
/home/steven/projects/vargalabs-workspace/worktrees/h5cpp/170-fix-include-correctness/test/H5Dio.cpp:75:
TEST CASE:  [#114] h5 round-trip<short unsigned int>

/home/steven/projects/vargalabs-workspace/worktrees/h5cpp/170-fix-include-correctness/test/H5Dio.cpp:23: WARNING: WARN( false ) is NOT correct!
  values: WARN( false )
  logged: scalar round-trip not yet implemented (needs #89): unsigned short

===============================================================================
/home/steven/projects/vargalabs-workspace/worktrees/h5cpp/170-fix-include-correctness/test/H5Dio.cpp:75:
TEST CASE:  [#114] h5 round-trip<unsigned int>

/home/steven/projects/vargalabs-workspace/worktrees/h5cpp/170-fix-include-correctness/test/H5Dio.cpp:23: WARNING: WARN( false ) is NOT correct!
  values: WARN( false )
  logged: scalar round-trip not yet implemented (needs #89): unsigned int

===============================================================================
/home/steven/projects/vargalabs-workspace/worktrees/h5cpp/170-fix-include-correctness/test/H5Dio.cpp:75:
TEST CASE:  [#114] h5 round-trip<long long unsigned int>

/home/steven/projects/vargalabs-workspace/worktrees/h5cpp/170-fix-include-correctness/test/H5Dio.cpp:23: WARNING: WARN( false ) is NOT correct!
  values: WARN( false )
  logged: scalar round-trip not yet implemented (needs #89): unsigned long long int

===============================================================================
/home/steven/projects/vargalabs-workspace/worktrees/h5cpp/170-fix-include-correctness/test/H5Dio.cpp:75:
TEST CASE:  [#114] h5 round-trip<char>

/home/steven/projects/vargalabs-workspace/worktrees/h5cpp/170-fix-include-correctness/test/H5Dio.cpp:23: WARNING: WARN( false ) is NOT correct!
  values: WARN( false )
  logged: scalar round-trip not yet implemented (needs #89): char

===============================================================================
/home/steven/projects/vargalabs-workspace/worktrees/h5cpp/170-fix-include-correctness/test/H5Dio.cpp:75:
TEST CASE:  [#114] h5 round-trip<short int>

/home/steven/projects/vargalabs-workspace/worktrees/h5cpp/170-fix-include-correctness/test/H5Dio.cpp:23: WARNING: WARN( false ) is NOT correct!
  values: WARN( false )
  logged: scalar round-trip not yet implemented (needs #89): short

===============================================================================
/home/steven/projects/vargalabs-workspace/worktrees/h5cpp/170-fix-include-correctness/test/H5Dio.cpp:75:
TEST CASE:  [#114] h5 round-trip<int>

/home/steven/projects/vargalabs-workspace/worktrees/h5cpp/170-fix-include-correctness/test/H5Dio.cpp:23: WARNING: WARN( false ) is NOT correct!
  values: WARN( false )
  logged: scalar round-trip not yet implemented (needs #89): int

===============================================================================
/home/steven/projects/vargalabs-workspace/worktrees/h5cpp/170-fix-include-correctness/test/H5Dio.cpp:75:
TEST CASE:  [#114] h5 round-trip<long long int>

/home/steven/projects/vargalabs-workspace/worktrees/h5cpp/170-fix-include-correctness/test/H5Dio.cpp:23: WARNING: WARN( false ) is NOT correct!
  values: WARN( false )
  logged: scalar round-trip not yet implemented (needs #89): long long int

===============================================================================
/home/steven/projects/vargalabs-workspace/worktrees/h5cpp/170-fix-include-correctness/test/H5Dio.cpp:75:
TEST CASE:  [#114] h5 round-trip<floaHDF5-DIAG: Error detected in HDF5 (1.10.9) thread 0:
  #000: H5Dio.c line 317 in H5Dwrite(): can't write data
    major: Dataset
    minor: Write failed
  #001: H5Dio.c line 663 in H5D__write(): unable to set up type info
    major: Dataset
    minor: Unable to initialize object
  #002: H5Dio.c line 972 in H5D__typeinfo_init(): unable to convert between src and dest datatype
    major: Dataset
    minor: Feature is unsupported
  #003: H5T.c line 4799 in H5T_path_find(): can't find datatype conversion path
    major: Datatype
    minor: Can't get value
  #004: H5T.c line 5021 in H5T__path_find_real(): no appropriate function for conversion path
    major: Datatype
    minor: Unable to initialize object
t>

/home/steven/projects/vargalabs-workspace/worktrees/h5cpp/170-fix-include-correctness/test/H5Dio.cpp:23: WARNING: WARN( false ) is NOT correct!
  values: WARN( false )
  logged: scalar round-trip not yet implemented (needs #89): float

===============================================================================
/home/steven/projects/vargalabs-workspace/worktrees/h5cpp/170-fix-include-correctness/test/H5Dio.cpp:75:
TEST CASE:  [#114] h5 round-trip<double>

/home/steven/projects/vargalabs-workspace/worktrees/h5cpp/170-fix-include-correctness/test/H5Dio.cpp:23: WARNING: WARN( false ) is NOT correct!
  values: WARN( false )
  logged: scalar round-trip not yet implemented (needs #89): double

===============================================================================
/home/steven/projects/vargalabs-workspace/worktrees/h5cpp/170-fix-include-correctness/test/H5Dio.cpp:75:
TEST CASE:  [#114] h5 round-trip<int [2]>

/home/steven/projects/vargalabs-workspace/worktrees/h5cpp/170-fix-include-correctness/test/H5Dio.cpp:29: WARNING: WARN( false ) is NOT correct!
  values: WARN( false )
  logged: c_array round-trip not yet implemented (needs #89): T[i]

===============================================================================
/home/steven/projects/vargalabs-workspace/worktrees/h5cpp/170-fix-include-correctness/test/H5Dio.cpp:75:
TEST CASE:  [#114] h5 round-trip<int [2][2]>

/home/steven/projects/vargalabs-workspace/worktrees/h5cpp/170-fix-include-correctness/test/H5Dio.cpp:29: WARNING: WARN( false ) is NOT correct!
  values: WARN( false )
  logged: c_array round-trip not yet implemented (needs #89): T[i,j]

===============================================================================
/home/steven/projects/vargalabs-workspace/worktrees/h5cpp/170-fix-include-correctness/test/H5Dio.cpp:75:
TEST CASE:  [#114] h5 round-trip<int [2][2][2]>

/home/steven/projects/vargalabs-workspace/worktrees/h5cpp/170-fix-include-correctness/test/H5Dio.cpp:29: WARNING: WARN( false ) is NOT correct!
  values: WARN( false )
  logged: c_array round-trip not yet implemented (needs #89): T[i,j,k]

===============================================================================
/home/steven/projects/vargalabs-workspace/worktrees/h5cpp/170-fix-include-correctness/test/H5Dio.cpp:75:
TEST CASE:  [#114] h5 round-trip<std::array<int, 4>>

/home/steven/projects/vargalabs-workspace/worktrees/h5cpp/170-fix-include-correctness/test/H5Dio.cpp:40: WARNING: WARN( false ) is NOT correct!
  values: WARN( false )
  logged: linear_value_dataset round-trip not yet implemented for this type: std::array<T,N>

===============================================================================
/home/steven/projects/vargalabs-workspace/worktrees/h5cpp/170-fix-include-correctness/test/H5Dio.cpp:75:
TEST CASE:  [#114] h5 round-trip<std::vector<std::array<int, 4>, std::allocator<std::array<int, 4> > >>

/home/steven/projects/vargalabs-workspace/worktrees/h5cpp/170-fix-include-correctness/test/H5Dio.cpp:75: ERROR: test case THREW exception: /home/steven/projects/vargalabs-workspace/worktrees/h5cpp/170-fix-include-correctness/test/../h5cpp/H5Dwrite.hpp line#  128 : couldn't write dataset...

===============================================================================
/home/steven/projects/vargalabs-workspace/worktrees/h5cpp/170-fix-include-correctness/test/H5Dio.cpp:75:
TEST CASE:  [#114] h5 round-trip<std::vector<std::vector<int>, std::allocator<std::vector<int> > >>

/home/steven/projects/vargalabs-workspace/worktrees/h5cpp/170-fix-include-correctness/test/H5Dio.cpp:59: WARNING: WARN( false ) is NOT correct!
  values: WARN( false )
  logged: ragged_vlen_dataset round-trip not yet implemented (needs #89): std::vector<std::vector<T>>

===============================================================================
/home/steven/projects/vargalabs-workspace/worktrees/h5cpp/170-fix-include-correctness/test/H5Dio.cpp:75:
TEST CASE:  [#114] h5 round-trip<std::__cxx11::list<int, std::allocator<int> >>

/home/steven/projects/vargalabs-workspace/worktrees/h5cpp/170-fix-include-correctness/test/H5Dio.cpp:40: WARNING: WARN( false ) is NOT correct!
  values: WARN( false )
  logged: linear_value_dataset round-trip not yet implemented for this type: std::list<T>

===============================================================================
/home/steven/projects/vargalabs-workspace/worktrees/h5cpp/170-fix-include-correctness/test/H5Dio.cpp:75:
TEST CASE:  [#114] h5 round-trip<std::forward_list<int, std::allocator<int> >>

/home/steven/projects/vargalabs-workspace/worktrees/h5cpp/170-fix-include-correctness/test/H5Dio.cpp:40: WARNING: WARN( false ) is NOT correct!
  values: WARN( false )
  logged: linear_value_dataset round-trip not yet implemented for this type: std::forward_list<T>

===============================================================================
/home/steven/projects/vargalabs-workspace/worktrees/h5cpp/170-fix-include-correctness/test/H5Dio.cpp:75:
TEST CASE:  [#114] h5 round-trip<std::deque<int, std::allocator<int> >>

/home/steven/projects/vargalabs-workspace/worktrees/h5cpp/170-fix-include-correctness/test/H5Dio.cpp:40: WARNING: WARN( false ) is NOT correct!
  values: WARN( false )
  logged: linear_value_dataset round-trip not yet implemented for this type: std::deque<T>

===============================================================================
/home/steven/projects/vargalabs-workspace/worktrees/h5cpp/170-fix-include-correctness/test/H5Dio.cpp:75:
TEST CASE:  [#114] h5 round-trip<std::set<int, std::less<int>, std::allocator<int> >>

/home/steven/projects/vargalabs-workspace/worktrees/h5cpp/170-fix-include-correctness/test/H5Dio.cpp:40: WARNING: WARN( false ) is NOT correct!
  values: WARN( false )
  logged: linear_value_dataset round-trip not yet implemented for this type: std::set<T>

===============================================================================
/home/steven/projects/vargalabs-workspace/worktrees/h5cpp/170-fix-include-correctness/test/H5Dio.cpp:75:
TEST CASE:  [#114] h5 round-trip<std::multiset<int, std::less<int>, std::allocator<int> >>

/home/steven/projects/vargalabs-workspace/worktrees/h5cpp/170-fix-include-correctness/test/H5Dio.cpp:40: WARNING: WARN( false ) is NOT correct!
  values: WARN( false )
  logged: linear_value_dataset round-trip not yet implemented for this type: std::multiset<T>

===============================================================================
/home/steven/projects/vargalabs-workspace/worktrees/h5cpp/170-fix-include-correctness/test/H5Dio.cpp:75:
TEST CASE:  [#114] h5 round-trip<std::unordered_set<int>>

/home/steven/projects/vargalabs-workspace/worktrees/h5cpp/170-fix-include-correctness/test/H5Dio.cpp:40: WARNING: WARN( false ) is NOT correct!
  values: WARN( false )
  logged: linear_value_dataset round-trip not yet implemented for this type: std::unordered_set<T>

===============================================================================
/home/steven/projects/vargalabs-workspace/worktrees/h5cpp/170-fix-include-correctness/test/H5Dio.cpp:75:
TEST CASE:  [#114] h5 round-trip<std::unordered_multiset<int>>

/home/steven/projects/vargalabs-workspace/worktrees/h5cpp/170-fix-include-correctness/test/H5Dio.cpp:40: WARNING: WARN( false ) is NOT correct!
  values: WARN( false )
  logged: linear_value_dataset round-trip not yet implemented for this type: std::unordered_multiset<T>

===============================================================================
/home/steven/projects/vargalabs-workspace/worktrees/h5cpp/170-fix-include-correctness/test/H5Dio.cpp:75:
TEST CASE:  [#114] h5 round-trip<std::map<int, double, std::less<int>, std::allocator<std::pair<const int, double> > >>

/home/steven/projects/vargalabs-workspace/worktrees/h5cpp/170-fix-include-correctness/test/H5Dio.cpp:65: WARNING: WARN( false ) is NOT correct!
  values: WARN( false )
  logged: key_value_dataset round-trip not yet implemented (needs #89): std::map<K,V>

===============================================================================
/home/steven/projects/vargalabs-workspace/worktrees/h5cpp/170-fix-include-correctness/test/H5Dio.cpp:75:
TEST CASE:  [#114] h5 round-trip<std::multimap<int, double, std::less<int>, std::allocator<std::pair<const int, double> > >>

/home/steven/projects/vargalabs-workspace/worktrees/h5cpp/170-fix-include-correctness/test/H5Dio.cpp:65: WARNING: WARN( false ) is NOT correct!
  values: WARN( false )
  logged: key_value_dataset round-trip not yet implemented (needs #89): std::multimap<K,V>

===============================================================================
/home/steven/projects/vargalabs-workspace/worktrees/h5cpp/170-fix-include-correctness/test/H5Dio.cpp:75:
TEST CASE:  [#114] h5 round-trip<std::unordered_map<int, double, std::hash<int>, std::equal_to<int>, std::allocator<std::pair<const int, double> > >>

/home/steven/projects/vargalabs-workspace/worktrees/h5cpp/170-fix-include-correctness/test/H5Dio.cpp:65: WARNING: WARN( false ) is NOT correct!
  values: WARN( false )
  logged: key_value_dataset round-trip not yet implemented (needs #89): std::unordered_map<K,V>

===============================================================================
/home/steven/projects/vargalabs-workspace/worktrees/h5cpp/170-fix-include-correctness/test/H5Dio.cpp:75:
TEST CASE:  [#114] h5 round-trip<std::unordered_multimap<int, double, std::hash<int>, std::equal_to<int>, std::allocator<std::pair<const int, double> > >>

/home/steven/projects/vargalabs-workspace/worktrees/h5cpp/170-fix-include-correctness/test/H5Dio.cpp:65: WARNING: WARN( false ) is NOT correct!
  values: WARN( false )
  logged: key_value_dataset round-trip not yet implemented (needs #89): std::unordered_multimap<K,V>

===============================================================================
[doctest] test cases: 28 | 27 passed | 1 failed | 0 skipped
[doctest] assertions:  1 |  1 passed | 0 failed |
[doctest] Status: FAILURE!
<end of output>
Test time =   0.02 sec
----------------------------------------------------------
Test Failed.
"test-h5dio" end time: May 15 00:18 UTC
"test-h5dio" time elapsed: 00:00:00
----------------------------------------------------------

8/44 Testing: test-h5eall
8/44 Test: test-h5eall
Command: "/home/steven/projects/vargalabs-workspace/worktrees/h5cpp/170-fix-include-correctness/build-verify/test-h5eall"
Directory: /home/steven/projects/vargalabs-workspace/worktrees/h5cpp/170-fix-include-correctness/build-verify/test
"test-h5eall" start time: May 15 00:18 UTC
Output:
----------------------------------------------------------
[doctest] doctest version is "2.4.11"
[doctest] run with "--help" for options
UNRECOVERABLE ERROR:test rollback message
===============================================================================
[doctest] test cases: 7 | 7 passed | 0 failed | 0 skipped
[doctest] assertions: 9 | 9 passed | 0 failed |
[doctest] Status: SUCCESS!
<end of output>
Test time =   0.00 sec
----------------------------------------------------------
Test Passed.
"test-h5eall" end time: May 15 00:18 UTC
"test-h5eall" time elapsed: 00:00:00
----------------------------------------------------------

9/44 Testing: test-h5ialgorithm
9/44 Test: test-h5ialgorithm
Command: "/home/steven/projects/vargalabs-workspace/worktrees/h5cpp/170-fix-include-correctness/build-verify/test-h5ialgorithm"
Directory: /home/steven/projects/vargalabs-workspace/worktrees/h5cpp/170-fix-include-correctness/build-verify/test
"test-h5ialgorithm" start time: May 15 00:18 UTC
Output:
----------------------------------------------------------
[doctest] doctest version is "2.4.11"
[doctest] run with "--help" for options
===============================================================================
[doctest] test cases: 4 | 4 passed | 0 failed | 0 skipped
[doctest] assertions: 4 | 4 passed | 0 failed |
[doctest] Status: SUCCESS!
<end of output>
Test time =   0.00 sec
----------------------------------------------------------
Test Passed.
"test-h5ialgorithm" end time: May 15 00:18 UTC
"test-h5ialgorithm" time elapsed: 00:00:00
----------------------------------------------------------

10/44 Testing: test-h5pall
10/44 Test: test-h5pall
Command: "/home/steven/projects/vargalabs-workspace/worktrees/h5cpp/170-fix-include-correctness/build-verify/test-h5pall"
Directory: /home/steven/projects/vargalabs-workspace/worktrees/h5cpp/170-fix-include-correctness/build-verify/test
"test-h5pall" start time: May 15 00:18 UTC
Output:
----------------------------------------------------------
[doctest] doctest version is "2.4.11"
[doctest] run with "--help" for options
===============================================================================
[doctest] test cases: 5 | 5 passed | 0 failed | 0 skipped
[doctest] assertions: 5 | 5 passed | 0 failed |
[doctest] Status: SUCCESS!
<end of output>
Test time =   0.00 sec
----------------------------------------------------------
Test Passed.
"test-h5pall" end time: May 15 00:18 UTC
"test-h5pall" time elapsed: 00:00:00
----------------------------------------------------------

11/44 Testing: test-h5sall
11/44 Test: test-h5sall
Command: "/home/steven/projects/vargalabs-workspace/worktrees/h5cpp/170-fix-include-correctness/build-verify/test-h5sall"
Directory: /home/steven/projects/vargalabs-workspace/worktrees/h5cpp/170-fix-include-correctness/build-verify/test
"test-h5sall" start time: May 15 00:18 UTC
Output:
----------------------------------------------------------
[doctest] doctest version is "2.4.11"
[doctest] run with "--help" for options
===============================================================================
[doctest] test cases:  5 |  5 passed | 0 failed | 0 skipped
[doctest] assertions: 14 | 14 passed | 0 failed |
[doctest] Status: SUCCESS!
<end of output>
Test time =   0.00 sec
----------------------------------------------------------
Test Passed.
"test-h5sall" end time: May 15 00:18 UTC
"test-h5sall" time elapsed: 00:00:00
----------------------------------------------------------

12/44 Testing: test-h5capi
12/44 Test: test-h5capi
Command: "/home/steven/projects/vargalabs-workspace/worktrees/h5cpp/170-fix-include-correctness/build-verify/test-h5capi"
Directory: /home/steven/projects/vargalabs-workspace/worktrees/h5cpp/170-fix-include-correctness/build-verify/test
"test-h5capi" start time: May 15 00:18 UTC
Output:
----------------------------------------------------------
[doctest] doctest version is "2.4.11"
[doctest] run with "--help" for options
===============================================================================
[doctest] test cases: 10 | 10 passed | 0 failed | 0 skipped
[doctest] assertions: 14 | 14 passed | 0 failed |
[doctest] Status: SUCCESS!
<end of output>
Test time =   0.00 sec
----------------------------------------------------------
Test Passed.
"test-h5capi" end time: May 15 00:18 UTC
"test-h5capi" time elapsed: 00:00:00
----------------------------------------------------------

13/44 Testing: test-h5cout
13/44 Test: test-h5cout
Command: "/home/steven/projects/vargalabs-workspace/worktrees/h5cpp/170-fix-include-correctness/build-verify/test-h5cout"
Directory: /home/steven/projects/vargalabs-workspace/worktrees/h5cpp/170-fix-include-correctness/build-verify/test
"test-h5cout" start time: May 15 00:18 UTC
Output:
----------------------------------------------------------
[doctest] doctest version is "2.4.11"
[doctest] run with "--help" for options
===============================================================================
[doctest] test cases:  8 |  8 passed | 0 failed | 0 skipped
[doctest] assertions: 10 | 10 passed | 0 failed |
[doctest] Status: SUCCESS!
<end of output>
Test time =   0.00 sec
----------------------------------------------------------
Test Passed.
"test-h5cout" end time: May 15 00:18 UTC
"test-h5cout" time elapsed: 00:00:00
----------------------------------------------------------

14/44 Testing: test-h5zpipeline
14/44 Test: test-h5zpipeline
Command: "/home/steven/projects/vargalabs-workspace/worktrees/h5cpp/170-fix-include-correctness/build-verify/test-h5zpipeline"
Directory: /home/steven/projects/vargalabs-workspace/worktrees/h5cpp/170-fix-include-correctness/build-verify/test
"test-h5zpipeline" start time: May 15 00:18 UTC
Output:
----------------------------------------------------------
[doctest] doctest version is "2.4.11"
[doctest] run with "--help" for options
===============================================================================
[doctest] test cases:  10 |  10 passed | 0 failed | 0 skipped
[doctest] assertions: 169 | 169 passed | 0 failed |
[doctest] Status: SUCCESS!
<end of output>
Test time =   0.00 sec
----------------------------------------------------------
Test Passed.
"test-h5zpipeline" end time: May 15 00:18 UTC
"test-h5zpipeline" time elapsed: 00:00:00
----------------------------------------------------------

15/44 Testing: test-h5dappend
15/44 Test: test-h5dappend
Command: "/home/steven/projects/vargalabs-workspace/worktrees/h5cpp/170-fix-include-correctness/build-verify/test-h5dappend"
Directory: /home/steven/projects/vargalabs-workspace/worktrees/h5cpp/170-fix-include-correctness/build-verify/test
"test-h5dappend" start time: May 15 00:18 UTC
Output:
----------------------------------------------------------
HDF5-DIAG: Error detected in HDF5 (1.10.9) thread 0:
  #000: H5T.c line 2169 in H5Tis_variable_str(): not a datatype
    major: Invalid arguments to routine
    minor: Inappropriate type
HDF5-DIAG: Error detected in HDF5 (1.10.9) thread 0:
  #000: H5Dio.c line 317 in H5Dwrite(): can't write data
    major: Dataset
    minor: Write failed
  #001: H5Dio.c line 663 in H5D__write(): unable to set up type info
    major: Dataset
    minor: Unable to initialize object
  #002: H5Dio.c line 948 in H5D__typeinfo_init(): not a datatype
    major: Invalid arguments to routine
    minor: Inappropriate type
[doctest] doctest version is "2.4.11"
[doctest] run with "--help" for options
===============================================================================
[doctest] test cases: 12 | 12 passed | 0 failed | 0 skipped
[doctest] assertions: 12 | 12 passed | 0 failed |
[doctest] Status: SUCCESS!
<end of output>
Test time =   0.00 sec
----------------------------------------------------------
Test Passed.
"test-h5dappend" end time: May 15 00:18 UTC
"test-h5dappend" time elapsed: 00:00:00
----------------------------------------------------------

16/44 Testing: test-h5rall
16/44 Test: test-h5rall
Command: "/home/steven/projects/vargalabs-workspace/worktrees/h5cpp/170-fix-include-correctness/build-verify/test-h5rall"
Directory: /home/steven/projects/vargalabs-workspace/worktrees/h5cpp/170-fix-include-correctness/build-verify/test
"test-h5rall" start time: May 15 00:18 UTC
Output:
----------------------------------------------------------
[doctest] doctest version is "2.4.11"
[doctest] run with "--help" for options
===============================================================================
[doctest] test cases: 2 | 2 passed | 0 failed | 0 skipped
[doctest] assertions: 7 | 7 passed | 0 failed |
[doctest] Status: SUCCESS!
<end of output>
Test time =   0.00 sec
----------------------------------------------------------
Test Passed.
"test-h5rall" end time: May 15 00:18 UTC
"test-h5rall" time elapsed: 00:00:00
----------------------------------------------------------

17/44 Testing: test-h5dio_roundtrip
17/44 Test: test-h5dio_roundtrip
Command: "/home/steven/projects/vargalabs-workspace/worktrees/h5cpp/170-fix-include-correctness/build-verify/test-h5dio_roundtrip"
Directory: /home/steven/projects/vargalabs-workspace/worktrees/h5cpp/170-fix-include-correctness/build-verify/test
"test-h5dio_roundtrip" start time: May 15 00:18 UTC
Output:
----------------------------------------------------------
HDF5-DIAG: Error detected in HDF5 (1.10.9) thread 0:
  #000: H5D.c line 284 in H5Dopen2(): unable to open dataset
    major: Dataset
    minor: Can't open object
  #001: H5Dint.c line 1402 in H5D__open_name(): not found
    major: Dataset
    minor: Object not found
  #002: H5Gloc.c line 399 in H5G_loc_find(): can't find object
    major: Symbol table
    minor: Object not found
  #003: H5Gtraverse.c line 832 in H5G_traverse(): internal path traversal failed
    major: Symbol table
    minor: Object not found
  #004: H5Gtraverse.c line 608 in H5G__traverse_real(): traversal operator failed
    major: Symbol table
    minor: Callback failed
  #005: H5Gloc.c line 356 in H5G__loc_find_cb(): object 'nonexistent' doesn't exist
    major: Symbol table
    minor: Object not found
HDF5-DIAG: Error detected in HDF5 (1.10.9) thread 0:
  #000: H5F.c line 413 in H5Fopen(): unable to open file
    major: File accessibility
    minor: Unable to open file
  #001: H5Fint.c line 1656 in H5F_open(): unable to open file: time = Fri May 15 00:18:12 2026
, name = 'nonexistent_file_xyz.h5', tent_flags = 0
    major: File accessibility
    minor: Unable to open file
  #002: H5FD.c line 723 in H5FD_open(): open failed
    major: Virtual File Layer
    minor: Unable to initialize object
  #003: H5FDsec2.c line 352 in H5FD__sec2_open(): unable to open file: name = 'nonexistent_file_xyz.h5', errno = 2, error message = 'No such file or directory', flags = 0, o_flags = 0
    major: File accessibility
    minor: Unable to open file
[doctest] doctest version is "2.4.11"
[doctest] run with "--help" for options
===============================================================================
[doctest] test cases: 7 | 7 passed | 0 failed | 0 skipped
[doctest] assertions: 8 | 8 passed | 0 failed |
[doctest] Status: SUCCESS!
<end of output>
Test time =   0.00 sec
----------------------------------------------------------
Test Passed.
"test-h5dio_roundtrip" end time: May 15 00:18 UTC
"test-h5dio_roundtrip" time elapsed: 00:00:00
----------------------------------------------------------

18/44 Testing: test-h5zdeflate
18/44 Test: test-h5zdeflate
Command: "/home/steven/projects/vargalabs-workspace/worktrees/h5cpp/170-fix-include-correctness/build-verify/test-h5zdeflate"
Directory: /home/steven/projects/vargalabs-workspace/worktrees/h5cpp/170-fix-include-correctness/build-verify/test
"test-h5zdeflate" start time: May 15 00:18 UTC
Output:
----------------------------------------------------------
[doctest] doctest version is "2.4.11"
[doctest] run with "--help" for options
===============================================================================
[doctest] test cases:  5 |  5 passed | 0 failed | 0 skipped
[doctest] assertions: 13 | 13 passed | 0 failed |
[doctest] Status: SUCCESS!
<end of output>
Test time =   0.00 sec
----------------------------------------------------------
Test Passed.
"test-h5zdeflate" end time: May 15 00:18 UTC
"test-h5zdeflate" time elapsed: 00:00:00
----------------------------------------------------------

19/44 Testing: test-h5zshuffle
19/44 Test: test-h5zshuffle
Command: "/home/steven/projects/vargalabs-workspace/worktrees/h5cpp/170-fix-include-correctness/build-verify/test-h5zshuffle"
Directory: /home/steven/projects/vargalabs-workspace/worktrees/h5cpp/170-fix-include-correctness/build-verify/test
"test-h5zshuffle" start time: May 15 00:18 UTC
Output:
----------------------------------------------------------
[doctest] doctest version is "2.4.11"
[doctest] run with "--help" for options
===============================================================================
[doctest] test cases:  4 |  4 passed | 0 failed | 0 skipped
[doctest] assertions: 15 | 15 passed | 0 failed |
[doctest] Status: SUCCESS!
<end of output>
Test time =   0.00 sec
----------------------------------------------------------
Test Passed.
"test-h5zshuffle" end time: May 15 00:18 UTC
"test-h5zshuffle" time elapsed: 00:00:00
----------------------------------------------------------

20/44 Testing: test-h5zfletcher32
20/44 Test: test-h5zfletcher32
Command: "/home/steven/projects/vargalabs-workspace/worktrees/h5cpp/170-fix-include-correctness/build-verify/test-h5zfletcher32"
Directory: /home/steven/projects/vargalabs-workspace/worktrees/h5cpp/170-fix-include-correctness/build-verify/test
"test-h5zfletcher32" start time: May 15 00:18 UTC
Output:
----------------------------------------------------------
[doctest] doctest version is "2.4.11"
[doctest] run with "--help" for options
===============================================================================
[doctest] test cases: 5 | 5 passed | 0 failed | 0 skipped
[doctest] assertions: 9 | 9 passed | 0 failed |
[doctest] Status: SUCCESS!
<end of output>
Test time =   0.00 sec
----------------------------------------------------------
Test Passed.
"test-h5zfletcher32" end time: May 15 00:18 UTC
"test-h5zfletcher32" time elapsed: 00:00:00
----------------------------------------------------------

21/44 Testing: test-h5zlz4
21/44 Test: test-h5zlz4
Command: "/home/steven/projects/vargalabs-workspace/worktrees/h5cpp/170-fix-include-correctness/build-verify/test-h5zlz4"
Directory: /home/steven/projects/vargalabs-workspace/worktrees/h5cpp/170-fix-include-correctness/build-verify/test
"test-h5zlz4" start time: May 15 00:18 UTC
Output:
----------------------------------------------------------
[doctest] doctest version is "2.4.11"
[doctest] run with "--help" for options
===============================================================================
/home/steven/projects/vargalabs-workspace/worktrees/h5cpp/170-fix-include-correctness/test/H5Zlz4.cpp:18:
TEST CASE:  lz4: library availability check

/home/steven/projects/vargalabs-workspace/worktrees/h5cpp/170-fix-include-correctness/test/H5Zlz4.cpp:21: MESSAGE: LZ4 is active

===============================================================================
[doctest] test cases:  5 |  5 passed | 0 failed | 0 skipped
[doctest] assertions: 10 | 10 passed | 0 failed |
[doctest] Status: SUCCESS!
<end of output>
Test time =   0.00 sec
----------------------------------------------------------
Test Passed.
"test-h5zlz4" end time: May 15 00:18 UTC
"test-h5zlz4" time elapsed: 00:00:00
----------------------------------------------------------

22/44 Testing: test-h5zzstd
22/44 Test: test-h5zzstd
Command: "/home/steven/projects/vargalabs-workspace/worktrees/h5cpp/170-fix-include-correctness/build-verify/test-h5zzstd"
Directory: /home/steven/projects/vargalabs-workspace/worktrees/h5cpp/170-fix-include-correctness/build-verify/test
"test-h5zzstd" start time: May 15 00:18 UTC
Output:
----------------------------------------------------------
[doctest] doctest version is "2.4.11"
[doctest] run with "--help" for options
===============================================================================
/home/steven/projects/vargalabs-workspace/worktrees/h5cpp/170-fix-include-correctness/test/H5Zzstd.cpp:18:
TEST CASE:  zstd: library availability check

/home/steven/projects/vargalabs-workspace/worktrees/h5cpp/170-fix-include-correctness/test/H5Zzstd.cpp:21: MESSAGE: Zstd is active

===============================================================================
[doctest] test cases:  5 |  5 passed | 0 failed | 0 skipped
[doctest] assertions: 10 | 10 passed | 0 failed |
[doctest] Status: SUCCESS!
<end of output>
Test time =   0.00 sec
----------------------------------------------------------
Test Passed.
"test-h5zzstd" end time: May 15 00:18 UTC
"test-h5zzstd" time elapsed: 00:00:00
----------------------------------------------------------

23/44 Testing: test-h5zszip
23/44 Test: test-h5zszip
Command: "/home/steven/projects/vargalabs-workspace/worktrees/h5cpp/170-fix-include-correctness/build-verify/test-h5zszip"
Directory: /home/steven/projects/vargalabs-workspace/worktrees/h5cpp/170-fix-include-correctness/build-verify/test
"test-h5zszip" start time: May 15 00:18 UTC
Output:
----------------------------------------------------------
[doctest] doctest version is "2.4.11"
[doctest] run with "--help" for options
===============================================================================
/home/steven/projects/vargalabs-workspace/worktrees/h5cpp/170-fix-include-correctness/test/H5Zszip.cpp:19:
TEST CASE:  szip: library availability check

/home/steven/projects/vargalabs-workspace/worktrees/h5cpp/170-fix-include-correctness/test/H5Zszip.cpp:24: WARNING: WARN( false ) is NOT correct!
  values: WARN( false )
  logged: SZIP not configured; filter falls back to passthrough

===============================================================================
[doctest] test cases: 4 | 4 passed | 0 failed | 0 skipped
[doctest] assertions: 3 | 3 passed | 0 failed |
[doctest] Status: SUCCESS!
<end of output>
Test time =   0.00 sec
----------------------------------------------------------
Test Passed.
"test-h5zszip" end time: May 15 00:18 UTC
"test-h5zszip" time elapsed: 00:00:00
----------------------------------------------------------

24/44 Testing: test-h5dranges
24/44 Test: test-h5dranges
Command: "/home/steven/projects/vargalabs-workspace/worktrees/h5cpp/170-fix-include-correctness/build-verify/test-h5dranges"
Directory: /home/steven/projects/vargalabs-workspace/worktrees/h5cpp/170-fix-include-correctness/build-verify/test
"test-h5dranges" start time: May 15 00:18 UTC
Output:
----------------------------------------------------------
[doctest] doctest version is "2.4.11"
[doctest] run with "--help" for options
===============================================================================
[doctest] test cases:   5 |   5 passed | 0 failed | 0 skipped
[doctest] assertions: 225 | 225 passed | 0 failed |
[doctest] Status: SUCCESS!
<end of output>
Test time =   0.00 sec
----------------------------------------------------------
Test Passed.
"test-h5dranges" end time: May 15 00:18 UTC
"test-h5dranges" time elapsed: 00:00:00
----------------------------------------------------------

25/44 Testing: test-win_stack_probe
25/44 Test: test-win_stack_probe
Command: "/home/steven/projects/vargalabs-workspace/worktrees/h5cpp/170-fix-include-correctness/build-verify/test-win_stack_probe"
Directory: /home/steven/projects/vargalabs-workspace/worktrees/h5cpp/170-fix-include-correctness/build-verify/test
"test-win_stack_probe" start time: May 15 00:18 UTC
Output:
----------------------------------------------------------
[STACKPROBE] main entry                                         used=0
[STACKPROBE] after std::filesystem::remove                      used=0
[STACKPROBE] before h5::create (fd)                             used=0
[STACKPROBE] after  h5::create (fd)                             used=0
      fd = 72057594037927936
[STACKPROBE] before h5::mute                                    used=0
[STACKPROBE] after  h5::mute                                    used=0
[STACKPROBE] before H5Lexists                                   used=0
[STACKPROBE] after  H5Lexists                                   used=0
      H5Lexists -> 0
[STACKPROBE] before h5::unmute                                  used=0
[STACKPROBE] after  h5::unmute                                  used=0
[STACKPROBE] before impl::size(vec)                             used=0
[STACKPROBE] after  impl::size(vec)                             used=0
      sz[0] = 3
[STACKPROBE] before h5::count_t count{sz}                       used=0
[STACKPROBE] after  h5::count_t count{sz}                       used=0
      count.rank=1 count[0]=3
[STACKPROBE] before h5::impl::get_current_dims(count)           used=0
[STACKPROBE] after  h5::impl::get_current_dims(count)           used=0
[STACKPROBE] before h5::create<double>(fd,path,current_dims)    used=0
[STACKPROBE] after  h5::create<double>(fd,path,current_dims)    used=0
      ds = 360287970189639680
[STACKPROBE] before impl::data(vec)                             used=0
[STACKPROBE] after  impl::data(vec)                             used=0
      ptr = 0x56367f3a2fd0  ptr[0]=1
[STACKPROBE] before H5Dget_space(ds)                            used=0
[STACKPROBE] after  H5Dget_space(ds)                            used=0
      file_space = 288230376151711747
[STACKPROBE] before H5Sget_simple_extent_ndims                  used=0
[STACKPROBE] after  H5Sget_simple_extent_ndims                  used=0
      rank = 1
[STACKPROBE] before h5::create_simple(n_elements)               used=0
[STACKPROBE] after  h5::create_simple(n_elements)               used=0
      mem_space = 288230376151711748
[STACKPROBE] before h5::select_all(mem_space)                   used=0
[STACKPROBE] after  h5::select_all(mem_space)                   used=0
[STACKPROBE] before H5Sselect_all(file_space)                   used=0
[STACKPROBE] after  H5Sselect_all(file_space)                   used=0
[STACKPROBE] before h5::dt_t<double>{} default ctor             used=0
[STACKPROBE] after  h5::dt_t<double>{} default ctor             used=0
      h5::dt_t<double> -> 216172782113784121
[STACKPROBE] before H5Dwrite (raw C call)                       used=0
[STACKPROBE] after  H5Dwrite (raw C call)                       used=0
      H5Dwrite err = 0
[STACKPROBE] done (unrolled)                                    used=0
<end of output>
Test time =   0.00 sec
----------------------------------------------------------
Test Passed.
"test-win_stack_probe" end time: May 15 00:18 UTC
"test-win_stack_probe" time elapsed: 00:00:00
----------------------------------------------------------

26/44 Testing: example-test-test_string_io
26/44 Test: example-test-test_string_io
Command: "/home/steven/projects/vargalabs-workspace/worktrees/h5cpp/170-fix-include-correctness/build-verify/example-test-test_string_io"
Directory: /home/steven/projects/vargalabs-workspace/worktrees/h5cpp/170-fix-include-correctness/build-verify/test/examples
"example-test-test_string_io" start time: May 15 00:18 UTC
Output:
----------------------------------------------------------
[doctest] doctest version is "2.4.11"
[doctest] run with "--help" for options
===============================================================================
[doctest] test cases:  1 |  1 passed | 0 failed | 0 skipped
[doctest] assertions: 17 | 17 passed | 0 failed |
[doctest] Status: SUCCESS!
<end of output>
Test time =   0.00 sec
----------------------------------------------------------
Test Passed.
"example-test-test_string_io" end time: May 15 00:18 UTC
"example-test-test_string_io" time elapsed: 00:00:00
----------------------------------------------------------

27/44 Testing: example-test-test_stl_vector_io
27/44 Test: example-test-test_stl_vector_io
Command: "/home/steven/projects/vargalabs-workspace/worktrees/h5cpp/170-fix-include-correctness/build-verify/example-test-test_stl_vector_io"
Directory: /home/steven/projects/vargalabs-workspace/worktrees/h5cpp/170-fix-include-correctness/build-verify/test/examples
"example-test-test_stl_vector_io" start time: May 15 00:18 UTC
Output:
----------------------------------------------------------
[doctest] doctest version is "2.4.11"
[doctest] run with "--help" for options
===============================================================================
[doctest] test cases:  1 |  1 passed | 0 failed | 0 skipped
[doctest] assertions: 12 | 12 passed | 0 failed |
[doctest] Status: SUCCESS!
<end of output>
Test time =   0.00 sec
----------------------------------------------------------
Test Passed.
"example-test-test_stl_vector_io" end time: May 15 00:18 UTC
"example-test-test_stl_vector_io" time elapsed: 00:00:00
----------------------------------------------------------

28/44 Testing: example-test-test_basics_io
28/44 Test: example-test-test_basics_io
Command: "/home/steven/projects/vargalabs-workspace/worktrees/h5cpp/170-fix-include-correctness/build-verify/example-test-test_basics_io"
Directory: /home/steven/projects/vargalabs-workspace/worktrees/h5cpp/170-fix-include-correctness/build-verify/test/examples
"example-test-test_basics_io" start time: May 15 00:18 UTC
Output:
----------------------------------------------------------
[doctest] doctest version is "2.4.11"
[doctest] run with "--help" for options
===============================================================================
[doctest] test cases:  1 |  1 passed | 0 failed | 0 skipped
[doctest] assertions: 11 | 11 passed | 0 failed |
[doctest] Status: SUCCESS!
<end of output>
Test time =   0.00 sec
----------------------------------------------------------
Test Passed.
"example-test-test_basics_io" end time: May 15 00:18 UTC
"example-test-test_basics_io" time elapsed: 00:00:00
----------------------------------------------------------

29/44 Testing: example-test-test_raw_memory_io
29/44 Test: example-test-test_raw_memory_io
Command: "/home/steven/projects/vargalabs-workspace/worktrees/h5cpp/170-fix-include-correctness/build-verify/example-test-test_raw_memory_io"
Directory: /home/steven/projects/vargalabs-workspace/worktrees/h5cpp/170-fix-include-correctness/build-verify/test/examples
"example-test-test_raw_memory_io" start time: May 15 00:18 UTC
Output:
----------------------------------------------------------
[doctest] doctest version is "2.4.11"
[doctest] run with "--help" for options
===============================================================================
[doctest] test cases:  1 |  1 passed | 0 failed | 0 skipped
[doctest] assertions: 11 | 11 passed | 0 failed |
[doctest] Status: SUCCESS!
<end of output>
Test time =   0.00 sec
----------------------------------------------------------
Test Passed.
"example-test-test_raw_memory_io" end time: May 15 00:18 UTC
"example-test-test_raw_memory_io" time elapsed: 00:00:00
----------------------------------------------------------

30/44 Testing: example-test-test_csv_io
30/44 Test: example-test-test_csv_io
Command: "/home/steven/projects/vargalabs-workspace/worktrees/h5cpp/170-fix-include-correctness/build-verify/example-test-test_csv_io"
Directory: /home/steven/projects/vargalabs-workspace/worktrees/h5cpp/170-fix-include-correctness/build-verify/test/examples
"example-test-test_csv_io" start time: May 15 00:18 UTC
Output:
----------------------------------------------------------
[doctest] doctest version is "2.4.11"
[doctest] run with "--help" for options
===============================================================================
[doctest] test cases:  1 |  1 passed | 0 failed | 0 skipped
[doctest] assertions: 18 | 18 passed | 0 failed |
[doctest] Status: SUCCESS!
<end of output>
Test time =   0.00 sec
----------------------------------------------------------
Test Passed.
"example-test-test_csv_io" end time: May 15 00:18 UTC
"example-test-test_csv_io" time elapsed: 00:00:00
----------------------------------------------------------

31/44 Testing: example-test-test_compound_struct_io
31/44 Test: example-test-test_compound_struct_io
Command: "/home/steven/projects/vargalabs-workspace/worktrees/h5cpp/170-fix-include-correctness/build-verify/example-test-test_compound_struct_io"
Directory: /home/steven/projects/vargalabs-workspace/worktrees/h5cpp/170-fix-include-correctness/build-verify/test/examples
"example-test-test_compound_struct_io" start time: May 15 00:18 UTC
Output:
----------------------------------------------------------
[doctest] doctest version is "2.4.11"
[doctest] run with "--help" for options
===============================================================================
[doctest] test cases:  1 |  1 passed | 0 failed | 0 skipped
[doctest] assertions: 21 | 21 passed | 0 failed |
[doctest] Status: SUCCESS!
<end of output>
Test time =   0.00 sec
----------------------------------------------------------
Test Passed.
"example-test-test_compound_struct_io" end time: May 15 00:18 UTC
"example-test-test_compound_struct_io" time elapsed: 00:00:00
----------------------------------------------------------

32/44 Testing: example-test-test_attributes_io
32/44 Test: example-test-test_attributes_io
Command: "/home/steven/projects/vargalabs-workspace/worktrees/h5cpp/170-fix-include-correctness/build-verify/example-test-test_attributes_io"
Directory: /home/steven/projects/vargalabs-workspace/worktrees/h5cpp/170-fix-include-correctness/build-verify/test/examples
"example-test-test_attributes_io" start time: May 15 00:18 UTC
Output:
----------------------------------------------------------
[doctest] doctest version is "2.4.11"
[doctest] run with "--help" for options
===============================================================================
[doctest] test cases:  1 |  1 passed | 0 failed | 0 skipped
[doctest] assertions: 30 | 30 passed | 0 failed |
[doctest] Status: SUCCESS!
<end of output>
Test time =   0.00 sec
----------------------------------------------------------
Test Passed.
"example-test-test_attributes_io" end time: May 15 00:18 UTC
"example-test-test_attributes_io" time elapsed: 00:00:00
----------------------------------------------------------

33/44 Testing: example-test-test_two_bit_io
33/44 Test: example-test-test_two_bit_io
Command: "/home/steven/projects/vargalabs-workspace/worktrees/h5cpp/170-fix-include-correctness/build-verify/example-test-test_two_bit_io"
Directory: /home/steven/projects/vargalabs-workspace/worktrees/h5cpp/170-fix-include-correctness/build-verify/test/examples
"example-test-test_two_bit_io" start time: May 15 00:18 UTC
Output:
----------------------------------------------------------
[doctest] doctest version is "2.4.11"
[doctest] run with "--help" for options
===============================================================================
[doctest] test cases: 1 | 1 passed | 0 failed | 0 skipped
[doctest] assertions: 6 | 6 passed | 0 failed |
[doctest] Status: SUCCESS!
<end of output>
Test time =   0.00 sec
----------------------------------------------------------
Test Passed.
"example-test-test_two_bit_io" end time: May 15 00:18 UTC
"example-test-test_two_bit_io" time elapsed: 00:00:00
----------------------------------------------------------

34/44 Testing: example-test-test_n_bit_io
34/44 Test: example-test-test_n_bit_io
Command: "/home/steven/projects/vargalabs-workspace/worktrees/h5cpp/170-fix-include-correctness/build-verify/example-test-test_n_bit_io"
Directory: /home/steven/projects/vargalabs-workspace/worktrees/h5cpp/170-fix-include-correctness/build-verify/test/examples
"example-test-test_n_bit_io" start time: May 15 00:18 UTC
Output:
----------------------------------------------------------
[doctest] doctest version is "2.4.11"
[doctest] run with "--help" for options
===============================================================================
[doctest] test cases:  1 |  1 passed | 0 failed | 0 skipped
[doctest] assertions: 97 | 97 passed | 0 failed |
[doctest] Status: SUCCESS!
<end of output>
Test time =   0.00 sec
----------------------------------------------------------
Test Passed.
"example-test-test_n_bit_io" end time: May 15 00:18 UTC
"example-test-test_n_bit_io" time elapsed: 00:00:00
----------------------------------------------------------

35/44 Testing: example-test-test_arma_io
35/44 Test: example-test-test_arma_io
Command: "/home/steven/projects/vargalabs-workspace/worktrees/h5cpp/170-fix-include-correctness/build-verify/example-test-test_arma_io"
Directory: /home/steven/projects/vargalabs-workspace/worktrees/h5cpp/170-fix-include-correctness/build-verify/test/examples
"example-test-test_arma_io" start time: May 15 00:18 UTC
Output:
----------------------------------------------------------
[doctest] doctest version is "2.4.11"
[doctest] run with "--help" for options
===============================================================================
[doctest] test cases:  1 |  1 passed | 0 failed | 0 skipped
[doctest] assertions: 15 | 15 passed | 0 failed |
[doctest] Status: SUCCESS!
<end of output>
Test time =   0.00 sec
----------------------------------------------------------
Test Passed.
"example-test-test_arma_io" end time: May 15 00:18 UTC
"example-test-test_arma_io" time elapsed: 00:00:00
----------------------------------------------------------

36/44 Testing: example-test-test_blaze_io
36/44 Test: example-test-test_blaze_io
Command: "/home/steven/projects/vargalabs-workspace/worktrees/h5cpp/170-fix-include-correctness/build-verify/example-test-test_blaze_io"
Directory: /home/steven/projects/vargalabs-workspace/worktrees/h5cpp/170-fix-include-correctness/build-verify/test/examples
"example-test-test_blaze_io" start time: May 15 00:18 UTC
Output:
----------------------------------------------------------
[doctest] doctest version is "2.4.11"
[doctest] run with "--help" for options
===============================================================================
[doctest] test cases:  1 |  1 passed | 0 failed | 0 skipped
[doctest] assertions: 15 | 15 passed | 0 failed |
[doctest] Status: SUCCESS!
<end of output>
Test time =   0.00 sec
----------------------------------------------------------
Test Passed.
"example-test-test_blaze_io" end time: May 15 00:18 UTC
"example-test-test_blaze_io" time elapsed: 00:00:00
----------------------------------------------------------

37/44 Testing: example-test-test_dlib_io
37/44 Test: example-test-test_dlib_io
Command: "/home/steven/projects/vargalabs-workspace/worktrees/h5cpp/170-fix-include-correctness/build-verify/example-test-test_dlib_io"
Directory: /home/steven/projects/vargalabs-workspace/worktrees/h5cpp/170-fix-include-correctness/build-verify/test/examples
"example-test-test_dlib_io" start time: May 15 00:18 UTC
Output:
----------------------------------------------------------
[doctest] doctest version is "2.4.11"
[doctest] run with "--help" for options
===============================================================================
[doctest] test cases: 1 | 1 passed | 0 failed | 0 skipped
[doctest] assertions: 8 | 8 passed | 0 failed |
[doctest] Status: SUCCESS!
<end of output>
Test time =   0.00 sec
----------------------------------------------------------
Test Passed.
"example-test-test_dlib_io" end time: May 15 00:18 UTC
"example-test-test_dlib_io" time elapsed: 00:00:00
----------------------------------------------------------

38/44 Testing: example-test-test_ublas_io
38/44 Test: example-test-test_ublas_io
Command: "/home/steven/projects/vargalabs-workspace/worktrees/h5cpp/170-fix-include-correctness/build-verify/example-test-test_ublas_io"
Directory: /home/steven/projects/vargalabs-workspace/worktrees/h5cpp/170-fix-include-correctness/build-verify/test/examples
"example-test-test_ublas_io" start time: May 15 00:18 UTC
Output:
----------------------------------------------------------
[doctest] doctest version is "2.4.11"
[doctest] run with "--help" for options
===============================================================================
[doctest] test cases:  1 |  1 passed | 0 failed | 0 skipped
[doctest] assertions: 17 | 17 passed | 0 failed |
[doctest] Status: SUCCESS!
<end of output>
Test time =   0.00 sec
----------------------------------------------------------
Test Passed.
"example-test-test_ublas_io" end time: May 15 00:18 UTC
"example-test-test_ublas_io" time elapsed: 00:00:00
----------------------------------------------------------

39/44 Testing: example-test-test_blitz_io
39/44 Test: example-test-test_blitz_io
Command: "/home/steven/projects/vargalabs-workspace/worktrees/h5cpp/170-fix-include-correctness/build-verify/example-test-test_blitz_io"
Directory: /home/steven/projects/vargalabs-workspace/worktrees/h5cpp/170-fix-include-correctness/build-verify/test/examples
"example-test-test_blitz_io" start time: May 15 00:18 UTC
Output:
----------------------------------------------------------
[doctest] doctest version is "2.4.11"
[doctest] run with "--help" for options
===============================================================================
[doctest] test cases:  1 |  1 passed | 0 failed | 0 skipped
[doctest] assertions: 13 | 13 passed | 0 failed |
[doctest] Status: SUCCESS!
<end of output>
Test time =   0.00 sec
----------------------------------------------------------
Test Passed.
"example-test-test_blitz_io" end time: May 15 00:18 UTC
"example-test-test_blitz_io" time elapsed: 00:00:00
----------------------------------------------------------

40/44 Testing: example-test-test_packet_table_io
40/44 Test: example-test-test_packet_table_io
Command: "/home/steven/projects/vargalabs-workspace/worktrees/h5cpp/170-fix-include-correctness/build-verify/example-test-test_packet_table_io"
Directory: /home/steven/projects/vargalabs-workspace/worktrees/h5cpp/170-fix-include-correctness/build-verify/test/examples
"example-test-test_packet_table_io" start time: May 15 00:18 UTC
Output:
----------------------------------------------------------
[doctest] doctest version is "2.4.11"
[doctest] run with "--help" for options
===============================================================================
[doctest] test cases:  2 |  2 passed | 0 failed | 0 skipped
[doctest] assertions: 22 | 22 passed | 0 failed |
[doctest] Status: SUCCESS!
<end of output>
Test time =   0.00 sec
----------------------------------------------------------
Test Passed.
"example-test-test_packet_table_io" end time: May 15 00:18 UTC
"example-test-test_packet_table_io" time elapsed: 00:00:00
----------------------------------------------------------

41/44 Testing: example-test-test_optimized_io
41/44 Test: example-test-test_optimized_io
Command: "/home/steven/projects/vargalabs-workspace/worktrees/h5cpp/170-fix-include-correctness/build-verify/example-test-test_optimized_io"
Directory: /home/steven/projects/vargalabs-workspace/worktrees/h5cpp/170-fix-include-correctness/build-verify/test/examples
"example-test-test_optimized_io" start time: May 15 00:18 UTC
Output:
----------------------------------------------------------
[doctest] doctest version is "2.4.11"
[doctest] run with "--help" for options
===============================================================================
[doctest] test cases: 1 | 1 passed | 0 failed | 0 skipped
[doctest] assertions: 5 | 5 passed | 0 failed |
[doctest] Status: SUCCESS!
<end of output>
Test time =   0.00 sec
----------------------------------------------------------
Test Passed.
"example-test-test_optimized_io" end time: May 15 00:18 UTC
"example-test-test_optimized_io" time elapsed: 00:00:00
----------------------------------------------------------

42/44 Testing: example-test-test_transform_io
42/44 Test: example-test-test_transform_io
Command: "/home/steven/projects/vargalabs-workspace/worktrees/h5cpp/170-fix-include-correctness/build-verify/example-test-test_transform_io"
Directory: /home/steven/projects/vargalabs-workspace/worktrees/h5cpp/170-fix-include-correctness/build-verify/test/examples
"example-test-test_transform_io" start time: May 15 00:18 UTC
Output:
----------------------------------------------------------
[doctest] doctest version is "2.4.11"
[doctest] run with "--help" for options
===============================================================================
[doctest] test cases:  1 |  1 passed | 0 failed | 0 skipped
[doctest] assertions: 27 | 27 passed | 0 failed |
[doctest] Status: SUCCESS!
<end of output>
Test time =   0.00 sec
----------------------------------------------------------
Test Passed.
"example-test-test_transform_io" end time: May 15 00:18 UTC
"example-test-test_transform_io" time elapsed: 00:00:00
----------------------------------------------------------

43/44 Testing: example-test-test_utf_io
43/44 Test: example-test-test_utf_io
Command: "/home/steven/projects/vargalabs-workspace/worktrees/h5cpp/170-fix-include-correctness/build-verify/example-test-test_utf_io"
Directory: /home/steven/projects/vargalabs-workspace/worktrees/h5cpp/170-fix-include-correctness/build-verify/test/examples
"example-test-test_utf_io" start time: May 15 00:18 UTC
Output:
----------------------------------------------------------
[doctest] doctest version is "2.4.11"
[doctest] run with "--help" for options
===============================================================================
[doctest] test cases:  1 |  1 passed | 0 failed | 0 skipped
[doctest] assertions: 15 | 15 passed | 0 failed |
[doctest] Status: SUCCESS!
<end of output>
Test time =   0.00 sec
----------------------------------------------------------
Test Passed.
"example-test-test_utf_io" end time: May 15 00:18 UTC
"example-test-test_utf_io" time elapsed: 00:00:00
----------------------------------------------------------

44/44 Testing: example-test-test_multi_tu
44/44 Test: example-test-test_multi_tu
Command: "/home/steven/projects/vargalabs-workspace/worktrees/h5cpp/170-fix-include-correctness/build-verify/example-test-test_multi_tu"
Directory: /home/steven/projects/vargalabs-workspace/worktrees/h5cpp/170-fix-include-correctness/build-verify/test/examples
"example-test-test_multi_tu" start time: May 15 00:18 UTC
Output:
----------------------------------------------------------
[doctest] doctest version is "2.4.11"
[doctest] run with "--help" for options
===============================================================================
[doctest] test cases:  1 |  1 passed | 0 failed | 0 skipped
[doctest] assertions: 13 | 13 passed | 0 failed |
[doctest] Status: SUCCESS!
<end of output>
Test time =   0.00 sec
----------------------------------------------------------
Test Passed.
"example-test-test_multi_tu" end time: May 15 00:18 UTC
"example-test-test_multi_tu" time elapsed: 00:00:00
----------------------------------------------------------

End testing: May 15 00:18 UTC
